<?xml version="1.0" encoding="UTF-8"?>
<!-- Generated by org.testng.reporters.JUnitReportReporter -->
<testsuite hostname="OSIYA" failures="0" tests="1" name="testClasses.MyntraTest" time="28.814" errors="0" timestamp="2023-07-29T19:39:51 IST" skipped="0">
  <testcase classname="testClasses.MyntraTest" name="myntraTest" time="28.814"/>
  <system-out>
    <![CDATA[open Myntra]]>
  </system-out>
</testsuite> <!-- testClasses.MyntraTest -->
