<?xml version="1.0" encoding="UTF-8"?>
<!-- Generated by org.testng.reporters.JUnitReportReporter -->
<testsuite hostname="OSIYA" failures="0" tests="1" name="testClasses.launchAmazon" time="13.608" errors="0" timestamp="2023-07-29T18:54:24 IST" skipped="0">
  <testcase classname="testClasses.launchAmazon" name="openAmazon" time="13.608"/>
  <system-out>
    <![CDATA[opening Amazon]]>
  </system-out>
</testsuite> <!-- testClasses.launchAmazon -->
