<?xml version="1.0" encoding="UTF-8"?>
<!-- Generated by org.testng.reporters.JUnitReportReporter -->
<testsuite hostname="OSIYA" failures="0" tests="1" name="testClasses.launchFlipkart" time="10.465" errors="0" timestamp="2023-07-29T19:39:51 IST" skipped="0">
  <testcase classname="testClasses.launchFlipkart" name="openFlipkart" time="10.465"/>
  <system-out>
    <![CDATA[opening Flipkart]]>
  </system-out>
</testsuite> <!-- testClasses.launchFlipkart -->
