<?xml version="1.0" encoding="UTF-8"?>
<!-- Generated by org.testng.reporters.JUnitReportReporter -->
<testsuite hostname="OSIYA" failures="0" tests="1" name="testClasses.launchAjio" time="9.975" errors="0" timestamp="2023-07-29T19:39:51 IST" skipped="0">
  <testcase classname="testClasses.launchAjio" name="openAjio" time="9.975"/>
  <system-out>
    <![CDATA[opening Ajio]]>
  </system-out>
</testsuite> <!-- testClasses.launchAjio -->
