<?xml version="1.0" encoding="UTF-8"?>
<!-- Generated by org.testng.reporters.JUnitReportReporter -->
<testsuite hostname="OSIYA" failures="0" tests="1" name="testClasses.launchAjio" time="12.387" errors="0" timestamp="2023-07-29T18:54:24 IST" skipped="0">
  <testcase classname="testClasses.launchAjio" name="openAjio" time="12.387"/>
  <system-out>
    <![CDATA[opening Amazon]]>
  </system-out>
</testsuite> <!-- testClasses.launchAjio -->
